<?xml version="1.0" encoding="UTF-8"?>
<testng-results skipped="0" failed="0" total="2" passed="2">
  <reporter-output>
  </reporter-output>
  <suite name="Suite" duration-ms="15608" started-at="2016-04-24T14:11:04Z" finished-at="2016-04-24T14:11:19Z">
    <groups>
    </groups>
    <test name="Test" duration-ms="15608" started-at="2016-04-24T14:11:04Z" finished-at="2016-04-24T14:11:19Z">
      <class name="example.NewTest">
        <test-method status="PASS" signature="beforeTest()[pri:0, instance:example.NewTest@124753a]" name="beforeTest" is-config="true" duration-ms="4093" started-at="2016-04-24T16:11:04Z" finished-at="2016-04-24T16:11:08Z">
          <reporter-output>
          </reporter-output>
        </test-method> <!-- beforeTest -->
        <test-method status="PASS" signature="testEasy()[pri:0, instance:example.NewTest@124753a]" name="testEasy" duration-ms="7548" started-at="2016-04-24T16:11:08Z" finished-at="2016-04-24T16:11:15Z">
          <reporter-output>
          </reporter-output>
        </test-method> <!-- testEasy -->
        <test-method status="PASS" signature="testEasy1()[pri:0, instance:example.NewTest@124753a]" name="testEasy1" duration-ms="3388" started-at="2016-04-24T16:11:15Z" finished-at="2016-04-24T16:11:19Z">
          <reporter-output>
          </reporter-output>
        </test-method> <!-- testEasy1 -->
        <test-method status="PASS" signature="afterTest()[pri:0, instance:example.NewTest@124753a]" name="afterTest" is-config="true" duration-ms="567" started-at="2016-04-24T16:11:19Z" finished-at="2016-04-24T16:11:19Z">
          <reporter-output>
          </reporter-output>
        </test-method> <!-- afterTest -->
      </class> <!-- example.NewTest -->
    </test> <!-- Test -->
  </suite> <!-- Suite -->
</testng-results>
