<?xml version="1.0" encoding="UTF-8"?>
<testng-results skipped="0" failed="0" total="3" passed="3">
  <reporter-output>
  </reporter-output>
  <suite name="Suite" duration-ms="15608" started-at="2016-04-24T15:40:46Z" finished-at="2016-04-24T15:41:02Z">
    <groups>
    </groups>
    <test name="Test" duration-ms="15608" started-at="2016-04-24T15:40:46Z" finished-at="2016-04-24T15:41:02Z">
      <class name="example.NewTest">
        <test-method status="PASS" signature="beforeTest()[pri:0, instance:example.NewTest@68be2bc2]" name="beforeTest" is-config="true" duration-ms="4256" started-at="2016-04-24T17:40:46Z" finished-at="2016-04-24T17:40:51Z">
          <reporter-output>
          </reporter-output>
        </test-method> <!-- beforeTest -->
        <test-method status="PASS" signature="testEasy()[pri:0, instance:example.NewTest@68be2bc2]" name="testEasy" duration-ms="5257" started-at="2016-04-24T17:40:51Z" finished-at="2016-04-24T17:40:56Z">
          <reporter-output>
          </reporter-output>
        </test-method> <!-- testEasy -->
        <test-method status="PASS" signature="testEasy1()[pri:0, instance:example.NewTest@68be2bc2]" name="testEasy1" duration-ms="1147" started-at="2016-04-24T17:40:56Z" finished-at="2016-04-24T17:40:57Z">
          <reporter-output>
          </reporter-output>
        </test-method> <!-- testEasy1 -->
        <test-method status="PASS" signature="testEasy2()[pri:0, instance:example.NewTest@68be2bc2]" name="testEasy2" duration-ms="4038" started-at="2016-04-24T17:40:57Z" finished-at="2016-04-24T17:41:01Z">
          <reporter-output>
          </reporter-output>
        </test-method> <!-- testEasy2 -->
        <test-method status="PASS" signature="afterTest()[pri:0, instance:example.NewTest@68be2bc2]" name="afterTest" is-config="true" duration-ms="887" started-at="2016-04-24T17:41:01Z" finished-at="2016-04-24T17:41:02Z">
          <reporter-output>
          </reporter-output>
        </test-method> <!-- afterTest -->
      </class> <!-- example.NewTest -->
    </test> <!-- Test -->
  </suite> <!-- Suite -->
</testng-results>
